  Source.cpp
c:\users\darius\desktop\projects\padure(opengl+ c++)\project15\source.cpp(17): warning C4838: conversion from 'double' to 'GLfloat' requires a narrowing conversion
c:\users\darius\desktop\projects\padure(opengl+ c++)\project15\source.cpp(17): warning C4305: 'initializing': truncation from 'double' to 'GLfloat'
c:\users\darius\desktop\projects\padure(opengl+ c++)\project15\source.cpp(21): warning C4838: conversion from 'double' to 'GLfloat' requires a narrowing conversion
c:\users\darius\desktop\projects\padure(opengl+ c++)\project15\source.cpp(21): warning C4305: 'initializing': truncation from 'double' to 'GLfloat'
c:\users\darius\desktop\projects\padure(opengl+ c++)\project15\source.cpp(37): warning C4244: 'initializing': conversion from 'double' to 'float', possible loss of data
c:\users\darius\desktop\projects\padure(opengl+ c++)\project15\source.cpp(158): warning C4305: 'argument': truncation from 'double' to 'GLfloat'
c:\users\darius\desktop\projects\padure(opengl+ c++)\project15\source.cpp(161): warning C4305: 'argument': truncation from 'double' to 'GLfloat'
c:\users\darius\desktop\projects\padure(opengl+ c++)\project15\source.cpp(168): warning C4305: 'argument': truncation from 'double' to 'GLfloat'
c:\users\darius\desktop\projects\padure(opengl+ c++)\project15\source.cpp(174): warning C4305: 'argument': truncation from 'double' to 'GLfloat'
c:\users\darius\desktop\projects\padure(opengl+ c++)\project15\source.cpp(196): warning C4305: 'argument': truncation from 'double' to 'GLfloat'
c:\users\darius\desktop\projects\padure(opengl+ c++)\project15\source.cpp(209): warning C4838: conversion from 'double' to 'GLfloat' requires a narrowing conversion
c:\users\darius\desktop\projects\padure(opengl+ c++)\project15\source.cpp(209): warning C4305: 'initializing': truncation from 'double' to 'GLfloat'
c:\users\darius\desktop\projects\padure(opengl+ c++)\project15\source.cpp(212): warning C4305: 'argument': truncation from 'double' to 'GLfloat'
c:\users\darius\desktop\projects\padure(opengl+ c++)\project15\source.cpp(214): warning C4305: 'argument': truncation from 'double' to 'GLfloat'
c:\users\darius\desktop\projects\padure(opengl+ c++)\project15\source.cpp(228): warning C4305: 'argument': truncation from 'double' to 'GLfloat'
c:\users\darius\desktop\projects\padure(opengl+ c++)\project15\source.cpp(244): warning C4305: 'argument': truncation from 'double' to 'GLfloat'
c:\users\darius\desktop\projects\padure(opengl+ c++)\project15\source.cpp(313): warning C4305: 'argument': truncation from 'double' to 'GLfloat'
c:\users\darius\desktop\projects\padure(opengl+ c++)\project15\source.cpp(316): warning C4305: 'argument': truncation from 'double' to 'GLfloat'
c:\users\darius\desktop\projects\padure(opengl+ c++)\project15\source.cpp(317): warning C4305: 'argument': truncation from 'double' to 'GLfloat'
c:\users\darius\desktop\projects\padure(opengl+ c++)\project15\source.cpp(322): warning C4305: 'argument': truncation from 'double' to 'GLfloat'
c:\users\darius\desktop\projects\padure(opengl+ c++)\project15\source.cpp(325): warning C4305: 'argument': truncation from 'double' to 'GLfloat'
c:\users\darius\desktop\projects\padure(opengl+ c++)\project15\source.cpp(326): warning C4305: 'argument': truncation from 'double' to 'GLfloat'
c:\users\darius\desktop\projects\padure(opengl+ c++)\project15\source.cpp(331): warning C4305: 'argument': truncation from 'double' to 'GLfloat'
c:\users\darius\desktop\projects\padure(opengl+ c++)\project15\source.cpp(333): warning C4305: 'argument': truncation from 'double' to 'GLfloat'
c:\users\darius\desktop\projects\padure(opengl+ c++)\project15\source.cpp(334): warning C4305: 'argument': truncation from 'double' to 'GLfloat'
c:\users\darius\desktop\projects\padure(opengl+ c++)\project15\source.cpp(335): warning C4305: 'argument': truncation from 'double' to 'GLfloat'
c:\users\darius\desktop\projects\padure(opengl+ c++)\project15\source.cpp(336): warning C4305: 'argument': truncation from 'double' to 'GLfloat'
c:\users\darius\desktop\projects\padure(opengl+ c++)\project15\source.cpp(338): warning C4305: 'argument': truncation from 'double' to 'GLfloat'
c:\users\darius\desktop\projects\padure(opengl+ c++)\project15\source.cpp(339): warning C4305: 'argument': truncation from 'double' to 'GLfloat'
c:\users\darius\desktop\projects\padure(opengl+ c++)\project15\source.cpp(340): warning C4305: 'argument': truncation from 'double' to 'GLfloat'
c:\users\darius\desktop\projects\padure(opengl+ c++)\project15\source.cpp(341): warning C4305: 'argument': truncation from 'double' to 'GLfloat'
c:\users\darius\desktop\projects\padure(opengl+ c++)\project15\source.cpp(345): warning C4305: 'argument': truncation from 'double' to 'GLfloat'
c:\users\darius\desktop\projects\padure(opengl+ c++)\project15\source.cpp(347): warning C4305: 'argument': truncation from 'double' to 'GLfloat'
c:\users\darius\desktop\projects\padure(opengl+ c++)\project15\source.cpp(348): warning C4305: 'argument': truncation from 'double' to 'GLfloat'
c:\users\darius\desktop\projects\padure(opengl+ c++)\project15\source.cpp(349): warning C4305: 'argument': truncation from 'double' to 'GLfloat'
c:\users\darius\desktop\projects\padure(opengl+ c++)\project15\source.cpp(350): warning C4305: 'argument': truncation from 'double' to 'GLfloat'
c:\users\darius\desktop\projects\padure(opengl+ c++)\project15\source.cpp(352): warning C4305: 'argument': truncation from 'double' to 'GLfloat'
c:\users\darius\desktop\projects\padure(opengl+ c++)\project15\source.cpp(353): warning C4305: 'argument': truncation from 'double' to 'GLfloat'
c:\users\darius\desktop\projects\padure(opengl+ c++)\project15\source.cpp(354): warning C4305: 'argument': truncation from 'double' to 'GLfloat'
c:\users\darius\desktop\projects\padure(opengl+ c++)\project15\source.cpp(355): warning C4305: 'argument': truncation from 'double' to 'GLfloat'
c:\users\darius\desktop\projects\padure(opengl+ c++)\project15\source.cpp(361): warning C4244: '=': conversion from 'double' to 'float', possible loss of data
c:\users\darius\desktop\projects\padure(opengl+ c++)\project15\source.cpp(370): warning C4244: '=': conversion from 'double' to 'float', possible loss of data
c:\users\darius\desktop\projects\padure(opengl+ c++)\project15\source.cpp(380): warning C4244: '=': conversion from 'double' to 'float', possible loss of data
c:\users\darius\desktop\projects\padure(opengl+ c++)\project15\source.cpp(390): warning C4244: '=': conversion from 'double' to 'float', possible loss of data
c:\users\darius\desktop\projects\padure(opengl+ c++)\project15\source.cpp(401): warning C4305: 'argument': truncation from 'double' to 'GLfloat'
c:\users\darius\desktop\projects\padure(opengl+ c++)\project15\source.cpp(403): warning C4305: 'argument': truncation from 'double' to 'GLfloat'
c:\users\darius\desktop\projects\padure(opengl+ c++)\project15\source.cpp(404): warning C4305: 'argument': truncation from 'double' to 'GLfloat'
c:\users\darius\desktop\projects\padure(opengl+ c++)\project15\source.cpp(405): warning C4305: 'argument': truncation from 'double' to 'GLfloat'
c:\users\darius\desktop\projects\padure(opengl+ c++)\project15\source.cpp(406): warning C4305: 'argument': truncation from 'double' to 'GLfloat'
c:\users\darius\desktop\projects\padure(opengl+ c++)\project15\source.cpp(414): warning C4305: 'argument': truncation from 'double' to 'GLfloat'
c:\users\darius\desktop\projects\padure(opengl+ c++)\project15\source.cpp(425): warning C4305: 'argument': truncation from 'double' to 'GLfloat'
c:\users\darius\desktop\projects\padure(opengl+ c++)\project15\source.cpp(432): warning C4305: 'argument': truncation from 'double' to 'GLfloat'
c:\users\darius\desktop\projects\padure(opengl+ c++)\project15\source.cpp(439): warning C4305: 'argument': truncation from 'double' to 'GLfloat'
c:\users\darius\desktop\projects\padure(opengl+ c++)\project15\source.cpp(446): warning C4305: 'argument': truncation from 'double' to 'GLfloat'
c:\users\darius\desktop\projects\padure(opengl+ c++)\project15\source.cpp(453): warning C4305: 'argument': truncation from 'double' to 'GLfloat'
c:\users\darius\desktop\projects\padure(opengl+ c++)\project15\source.cpp(461): warning C4305: 'argument': truncation from 'double' to 'GLfloat'
c:\users\darius\desktop\projects\padure(opengl+ c++)\project15\source.cpp(462): warning C4305: 'argument': truncation from 'double' to 'GLfloat'
c:\users\darius\desktop\projects\padure(opengl+ c++)\project15\source.cpp(464): warning C4305: 'argument': truncation from 'double' to 'GLfloat'
c:\users\darius\desktop\projects\padure(opengl+ c++)\project15\source.cpp(466): warning C4305: 'argument': truncation from 'double' to 'GLfloat'
c:\users\darius\desktop\projects\padure(opengl+ c++)\project15\source.cpp(471): warning C4305: 'argument': truncation from 'double' to 'GLfloat'
c:\users\darius\desktop\projects\padure(opengl+ c++)\project15\source.cpp(474): warning C4305: 'argument': truncation from 'double' to 'GLfloat'
c:\users\darius\desktop\projects\padure(opengl+ c++)\project15\source.cpp(475): warning C4305: 'argument': truncation from 'double' to 'GLfloat'
c:\users\darius\desktop\projects\padure(opengl+ c++)\project15\source.cpp(486): warning C4838: conversion from 'double' to 'GLfloat' requires a narrowing conversion
c:\users\darius\desktop\projects\padure(opengl+ c++)\project15\source.cpp(486): warning C4305: 'initializing': truncation from 'double' to 'GLfloat'
c:\users\darius\desktop\projects\padure(opengl+ c++)\project15\source.cpp(488): warning C4305: 'argument': truncation from 'double' to 'GLfloat'
c:\users\darius\desktop\projects\padure(opengl+ c++)\project15\source.cpp(569): warning C4244: 'argument': conversion from 'double' to 'GLfloat', possible loss of data
c:\users\darius\desktop\projects\padure(opengl+ c++)\project15\source.cpp(574): warning C4305: 'argument': truncation from 'double' to 'GLfloat'
c:\users\darius\desktop\projects\padure(opengl+ c++)\project15\source.cpp(594): warning C4244: 'argument': conversion from 'double' to 'GLfloat', possible loss of data
c:\users\darius\desktop\projects\padure(opengl+ c++)\project15\source.cpp(615): warning C4838: conversion from 'double' to 'GLfloat' requires a narrowing conversion
c:\users\darius\desktop\projects\padure(opengl+ c++)\project15\source.cpp(615): warning C4305: 'initializing': truncation from 'double' to 'GLfloat'
c:\users\darius\desktop\projects\padure(opengl+ c++)\project15\source.cpp(654): warning C4305: 'argument': truncation from 'double' to 'GLfloat'
c:\users\darius\desktop\projects\padure(opengl+ c++)\project15\source.cpp(722): warning C4244: '+=': conversion from 'float' to 'int', possible loss of data
c:\users\darius\desktop\projects\padure(opengl+ c++)\project15\source.cpp(727): warning C4244: '-=': conversion from 'float' to 'int', possible loss of data
c:\users\darius\desktop\projects\padure(opengl+ c++)\project15\source.cpp(746): warning C4305: 'argument': truncation from 'double' to 'GLfloat'
soil.lib(image_DXT.obj) : warning LNK4099: PDB 'vc110.pdb' was not found with 'soil.lib(image_DXT.obj)' or at 'C:\Users\Darius\Desktop\projects\padure(openGL+ C++)\Debug\vc110.pdb'; linking object as if no debug info
soil.lib(image_helper.obj) : warning LNK4099: PDB 'vc110.pdb' was not found with 'soil.lib(image_helper.obj)' or at 'C:\Users\Darius\Desktop\projects\padure(openGL+ C++)\Debug\vc110.pdb'; linking object as if no debug info
soil.lib(SOIL.obj) : warning LNK4099: PDB 'vc110.pdb' was not found with 'soil.lib(SOIL.obj)' or at 'C:\Users\Darius\Desktop\projects\padure(openGL+ C++)\Debug\vc110.pdb'; linking object as if no debug info
soil.lib(stb_image_aug.obj) : warning LNK4099: PDB 'vc110.pdb' was not found with 'soil.lib(stb_image_aug.obj)' or at 'C:\Users\Darius\Desktop\projects\padure(openGL+ C++)\Debug\vc110.pdb'; linking object as if no debug info
  Project15.vcxproj -> C:\Users\Darius\Desktop\projects\padure(openGL+ C++)\Debug\Project15.exe
  Project15.vcxproj -> C:\Users\Darius\Desktop\projects\padure(openGL+ C++)\Debug\Project15.pdb (Partial PDB)
